[INFO] Scanning for projects...
[INFO] 
[INFO] -----< ru.neoflex.meta.etl2:ru.neoflex.meta.etl2.spark.spark2lib >------
[INFO] Building ru.neoflex.meta.etl2.spark.spark2lib spark3-2.0.0-SNAPSHOT
[INFO] --------------------------------[ jar ]---------------------------------
[INFO] 
[INFO] --- maven-dependency-plugin:2.8:tree (default-cli) @ ru.neoflex.meta.etl2.spark.spark2lib ---
[INFO] ru.neoflex.meta.etl2:ru.neoflex.meta.etl2.spark.spark2lib:jar:spark3-2.0.0-SNAPSHOT
[INFO] +- org.apache.spark:spark-core_2.12:jar:3.1.1:compile
[INFO] |  +- com.thoughtworks.paranamer:paranamer:jar:2.8:compile
[INFO] |  +- org.apache.avro:avro:jar:1.8.2:compile
[INFO] |  |  +- org.codehaus.jackson:jackson-core-asl:jar:1.9.13:compile
[INFO] |  |  +- org.codehaus.jackson:jackson-mapper-asl:jar:1.9.13:compile
[INFO] |  |  +- org.apache.commons:commons-compress:jar:1.8.1:compile
[INFO] |  |  \- org.tukaani:xz:jar:1.5:compile
[INFO] |  +- org.apache.avro:avro-mapred:jar:hadoop2:1.8.2:compile
[INFO] |  |  \- org.apache.avro:avro-ipc:jar:1.8.2:compile
[INFO] |  +- com.twitter:chill_2.12:jar:0.9.5:compile
[INFO] |  |  \- com.esotericsoftware:kryo-shaded:jar:4.0.2:compile
[INFO] |  |     +- com.esotericsoftware:minlog:jar:1.3.0:compile
[INFO] |  |     \- org.objenesis:objenesis:jar:2.5.1:compile
[INFO] |  +- com.twitter:chill-java:jar:0.9.5:compile
[INFO] |  +- org.apache.xbean:xbean-asm7-shaded:jar:4.15:compile
[INFO] |  +- org.apache.hadoop:hadoop-client:jar:3.2.0:compile
[INFO] |  |  +- org.apache.hadoop:hadoop-common:jar:3.2.0:compile
[INFO] |  |  |  +- com.google.guava:guava:jar:20.0:compile
[INFO] |  |  |  +- org.apache.httpcomponents:httpclient:jar:4.5.2:compile
[INFO] |  |  |  |  \- org.apache.httpcomponents:httpcore:jar:4.4.4:compile
[INFO] |  |  |  +- commons-io:commons-io:jar:2.5:compile
[INFO] |  |  |  +- org.eclipse.jetty:jetty-servlet:jar:9.3.24.v20180605:compile
[INFO] |  |  |  |  \- org.eclipse.jetty:jetty-security:jar:9.3.24.v20180605:compile
[INFO] |  |  |  +- javax.servlet.jsp:jsp-api:jar:2.1:runtime
[INFO] |  |  |  +- org.apache.commons:commons-configuration2:jar:2.1.1:compile
[INFO] |  |  |  +- com.google.re2j:re2j:jar:1.1:compile
[INFO] |  |  |  +- com.google.code.gson:gson:jar:2.2.4:compile
[INFO] |  |  |  +- org.apache.hadoop:hadoop-auth:jar:3.2.0:compile
[INFO] |  |  |  |  +- com.nimbusds:nimbus-jose-jwt:jar:4.41.1:compile
[INFO] |  |  |  |  |  \- com.github.stephenc.jcip:jcip-annotations:jar:1.0-1:compile
[INFO] |  |  |  |  \- net.minidev:json-smart:jar:2.3:compile
[INFO] |  |  |  |     \- net.minidev:accessors-smart:jar:1.2:compile
[INFO] |  |  |  +- org.apache.curator:curator-client:jar:2.12.0:compile
[INFO] |  |  |  +- org.apache.htrace:htrace-core4:jar:4.1.0-incubating:compile
[INFO] |  |  |  +- org.apache.kerby:kerb-simplekdc:jar:1.0.1:compile
[INFO] |  |  |  |  +- org.apache.kerby:kerb-client:jar:1.0.1:compile
[INFO] |  |  |  |  |  +- org.apache.kerby:kerby-config:jar:1.0.1:compile
[INFO] |  |  |  |  |  +- org.apache.kerby:kerb-core:jar:1.0.1:compile
[INFO] |  |  |  |  |  |  \- org.apache.kerby:kerby-pkix:jar:1.0.1:compile
[INFO] |  |  |  |  |  |     +- org.apache.kerby:kerby-asn1:jar:1.0.1:compile
[INFO] |  |  |  |  |  |     \- org.apache.kerby:kerby-util:jar:1.0.1:compile
[INFO] |  |  |  |  |  +- org.apache.kerby:kerb-common:jar:1.0.1:compile
[INFO] |  |  |  |  |  |  \- org.apache.kerby:kerb-crypto:jar:1.0.1:compile
[INFO] |  |  |  |  |  +- org.apache.kerby:kerb-util:jar:1.0.1:compile
[INFO] |  |  |  |  |  \- org.apache.kerby:token-provider:jar:1.0.1:compile
[INFO] |  |  |  |  \- org.apache.kerby:kerb-admin:jar:1.0.1:compile
[INFO] |  |  |  |     +- org.apache.kerby:kerb-server:jar:1.0.1:compile
[INFO] |  |  |  |     |  \- org.apache.kerby:kerb-identity:jar:1.0.1:compile
[INFO] |  |  |  |     \- org.apache.kerby:kerby-xdr:jar:1.0.1:compile
[INFO] |  |  |  +- org.codehaus.woodstox:stax2-api:jar:3.1.4:compile
[INFO] |  |  |  +- com.fasterxml.woodstox:woodstox-core:jar:5.0.3:compile
[INFO] |  |  |  \- dnsjava:dnsjava:jar:2.1.7:compile
[INFO] |  |  +- org.apache.hadoop:hadoop-hdfs-client:jar:3.2.0:compile
[INFO] |  |  |  \- com.squareup.okhttp:okhttp:jar:2.7.5:compile
[INFO] |  |  |     \- com.squareup.okio:okio:jar:1.6.0:compile
[INFO] |  |  +- org.apache.hadoop:hadoop-yarn-api:jar:3.2.0:compile
[INFO] |  |  |  \- javax.xml.bind:jaxb-api:jar:2.2.11:compile
[INFO] |  |  +- org.apache.hadoop:hadoop-yarn-client:jar:3.2.0:compile
[INFO] |  |  +- org.apache.hadoop:hadoop-mapreduce-client-core:jar:3.2.0:compile
[INFO] |  |  |  \- org.apache.hadoop:hadoop-yarn-common:jar:3.2.0:compile
[INFO] |  |  |     +- org.eclipse.jetty:jetty-util:jar:9.3.24.v20180605:compile
[INFO] |  |  |     +- com.fasterxml.jackson.module:jackson-module-jaxb-annotations:jar:2.9.5:compile
[INFO] |  |  |     \- com.fasterxml.jackson.jaxrs:jackson-jaxrs-json-provider:jar:2.9.5:compile
[INFO] |  |  |        \- com.fasterxml.jackson.jaxrs:jackson-jaxrs-base:jar:2.9.5:compile
[INFO] |  |  +- org.apache.hadoop:hadoop-mapreduce-client-jobclient:jar:3.2.0:compile
[INFO] |  |  |  \- org.apache.hadoop:hadoop-mapreduce-client-common:jar:3.2.0:compile
[INFO] |  |  \- org.apache.hadoop:hadoop-annotations:jar:3.2.0:compile
[INFO] |  +- org.apache.spark:spark-launcher_2.12:jar:3.1.1:compile
[INFO] |  +- org.apache.spark:spark-kvstore_2.12:jar:3.1.1:compile
[INFO] |  |  +- org.fusesource.leveldbjni:leveldbjni-all:jar:1.8:compile
[INFO] |  |  +- com.fasterxml.jackson.core:jackson-core:jar:2.10.0:compile
[INFO] |  |  \- com.fasterxml.jackson.core:jackson-annotations:jar:2.10.0:compile
[INFO] |  +- org.apache.spark:spark-network-common_2.12:jar:3.1.1:compile
[INFO] |  +- org.apache.spark:spark-network-shuffle_2.12:jar:3.1.1:compile
[INFO] |  +- org.apache.spark:spark-unsafe_2.12:jar:3.1.1:compile
[INFO] |  +- javax.activation:activation:jar:1.1.1:compile
[INFO] |  +- org.apache.curator:curator-recipes:jar:2.13.0:compile
[INFO] |  |  \- org.apache.curator:curator-framework:jar:2.13.0:compile
[INFO] |  +- org.apache.zookeeper:zookeeper:jar:3.4.14:compile
[INFO] |  |  \- org.apache.yetus:audience-annotations:jar:0.5.0:compile
[INFO] |  +- jakarta.servlet:jakarta.servlet-api:jar:4.0.3:compile
[INFO] |  +- org.apache.commons:commons-lang3:jar:3.10:compile
[INFO] |  +- org.apache.commons:commons-math3:jar:3.4.1:compile
[INFO] |  +- org.apache.commons:commons-text:jar:1.6:compile
[INFO] |  +- com.google.code.findbugs:jsr305:jar:3.0.0:compile
[INFO] |  +- org.slf4j:slf4j-api:jar:1.7.30:compile
[INFO] |  +- org.slf4j:jul-to-slf4j:jar:1.7.30:compile
[INFO] |  +- org.slf4j:jcl-over-slf4j:jar:1.7.30:compile
[INFO] |  +- org.slf4j:slf4j-log4j12:jar:1.7.30:compile
[INFO] |  +- com.ning:compress-lzf:jar:1.0.3:compile
[INFO] |  +- org.xerial.snappy:snappy-java:jar:1.1.8.2:compile
[INFO] |  +- org.lz4:lz4-java:jar:1.7.1:compile
[INFO] |  +- com.github.luben:zstd-jni:jar:1.4.8-1:compile
[INFO] |  +- org.roaringbitmap:RoaringBitmap:jar:0.9.0:compile
[INFO] |  |  \- org.roaringbitmap:shims:jar:0.9.0:runtime
[INFO] |  +- commons-net:commons-net:jar:3.1:compile
[INFO] |  +- org.scala-lang.modules:scala-xml_2.12:jar:1.2.0:compile
[INFO] |  +- org.scala-lang:scala-library:jar:2.12.10:compile
[INFO] |  +- org.scala-lang:scala-reflect:jar:2.12.10:compile
[INFO] |  +- org.json4s:json4s-jackson_2.12:jar:3.7.0-M5:compile
[INFO] |  |  \- org.json4s:json4s-core_2.12:jar:3.7.0-M5:compile
[INFO] |  |     +- org.json4s:json4s-ast_2.12:jar:3.7.0-M5:compile
[INFO] |  |     \- org.json4s:json4s-scalap_2.12:jar:3.7.0-M5:compile
[INFO] |  +- org.glassfish.jersey.core:jersey-client:jar:2.30:compile
[INFO] |  |  +- jakarta.ws.rs:jakarta.ws.rs-api:jar:2.1.6:compile
[INFO] |  |  \- org.glassfish.hk2.external:jakarta.inject:jar:2.6.1:compile
[INFO] |  +- org.glassfish.jersey.core:jersey-common:jar:2.26:compile
[INFO] |  |  +- javax.ws.rs:javax.ws.rs-api:jar:2.1:compile
[INFO] |  |  +- javax.annotation:javax.annotation-api:jar:1.2:compile
[INFO] |  |  +- org.glassfish.hk2.external:javax.inject:jar:2.5.0-b42:compile
[INFO] |  |  \- org.glassfish.hk2:osgi-resource-locator:jar:1.0.1:compile
[INFO] |  +- org.glassfish.jersey.core:jersey-server:jar:2.30:compile
[INFO] |  |  +- org.glassfish.jersey.media:jersey-media-jaxb:jar:2.30:compile
[INFO] |  |  +- jakarta.annotation:jakarta.annotation-api:jar:1.3.5:compile
[INFO] |  |  \- jakarta.validation:jakarta.validation-api:jar:2.0.2:compile
[INFO] |  +- org.glassfish.jersey.containers:jersey-container-servlet:jar:2.30:compile
[INFO] |  +- org.glassfish.jersey.containers:jersey-container-servlet-core:jar:2.30:compile
[INFO] |  +- org.glassfish.jersey.inject:jersey-hk2:jar:2.30:compile
[INFO] |  |  +- org.glassfish.hk2:hk2-locator:jar:2.6.1:compile
[INFO] |  |  |  +- org.glassfish.hk2.external:aopalliance-repackaged:jar:2.6.1:compile
[INFO] |  |  |  +- org.glassfish.hk2:hk2-api:jar:2.6.1:compile
[INFO] |  |  |  \- org.glassfish.hk2:hk2-utils:jar:2.6.1:compile
[INFO] |  |  \- org.javassist:javassist:jar:3.25.0-GA:compile
[INFO] |  +- io.netty:netty-all:jar:4.1.51.Final:compile
[INFO] |  +- com.clearspring.analytics:stream:jar:2.9.6:compile
[INFO] |  +- io.dropwizard.metrics:metrics-core:jar:4.1.1:compile
[INFO] |  +- io.dropwizard.metrics:metrics-jvm:jar:4.1.1:compile
[INFO] |  +- io.dropwizard.metrics:metrics-json:jar:4.1.1:compile
[INFO] |  +- io.dropwizard.metrics:metrics-graphite:jar:4.1.1:compile
[INFO] |  +- io.dropwizard.metrics:metrics-jmx:jar:4.1.1:compile
[INFO] |  +- com.fasterxml.jackson.core:jackson-databind:jar:2.10.0:compile
[INFO] |  +- com.fasterxml.jackson.module:jackson-module-scala_2.12:jar:2.10.0:compile
[INFO] |  |  \- com.fasterxml.jackson.module:jackson-module-paranamer:jar:2.10.0:compile
[INFO] |  +- org.apache.ivy:ivy:jar:2.4.0:compile
[INFO] |  +- oro:oro:jar:2.0.8:compile
[INFO] |  +- net.razorvine:pyrolite:jar:4.30:compile
[INFO] |  +- net.sf.py4j:py4j:jar:0.10.9:compile
[INFO] |  +- org.apache.spark:spark-tags_2.12:jar:3.1.1:compile
[INFO] |  +- org.apache.commons:commons-crypto:jar:1.1.0:compile
[INFO] |  \- org.spark-project.spark:unused:jar:1.0.0:compile
[INFO] +- org.apache.spark:spark-sql_2.12:jar:3.1.1:compile
[INFO] |  +- com.univocity:univocity-parsers:jar:2.9.1:compile
[INFO] |  +- org.apache.spark:spark-sketch_2.12:jar:3.1.1:compile
[INFO] |  +- org.apache.spark:spark-catalyst_2.12:jar:3.1.1:compile
[INFO] |  |  +- org.scala-lang.modules:scala-parser-combinators_2.12:jar:1.1.2:compile
[INFO] |  |  +- org.codehaus.janino:janino:jar:3.0.16:compile
[INFO] |  |  +- org.codehaus.janino:commons-compiler:jar:3.0.16:compile
[INFO] |  |  +- org.antlr:antlr4-runtime:jar:4.8-1:compile
[INFO] |  |  +- org.apache.arrow:arrow-vector:jar:2.0.0:compile
[INFO] |  |  |  +- org.apache.arrow:arrow-format:jar:2.0.0:compile
[INFO] |  |  |  +- org.apache.arrow:arrow-memory-core:jar:2.0.0:compile
[INFO] |  |  |  \- com.google.flatbuffers:flatbuffers-java:jar:1.9.0:compile
[INFO] |  |  \- org.apache.arrow:arrow-memory-netty:jar:2.0.0:compile
[INFO] |  +- org.apache.orc:orc-core:jar:1.5.12:compile
[INFO] |  |  +- org.apache.orc:orc-shims:jar:1.5.12:compile
[INFO] |  |  +- com.google.protobuf:protobuf-java:jar:2.5.0:compile
[INFO] |  |  +- commons-lang:commons-lang:jar:2.6:compile
[INFO] |  |  +- io.airlift:aircompressor:jar:0.10:compile
[INFO] |  |  \- org.threeten:threeten-extra:jar:1.5.0:compile
[INFO] |  +- org.apache.orc:orc-mapreduce:jar:1.5.12:compile
[INFO] |  +- org.apache.hive:hive-storage-api:jar:2.7.2:compile
[INFO] |  +- org.apache.parquet:parquet-column:jar:1.10.1:compile
[INFO] |  |  +- org.apache.parquet:parquet-common:jar:1.10.1:compile
[INFO] |  |  \- org.apache.parquet:parquet-encoding:jar:1.10.1:compile
[INFO] |  \- org.apache.parquet:parquet-hadoop:jar:1.10.1:compile
[INFO] |     +- org.apache.parquet:parquet-format:jar:2.4.0:compile
[INFO] |     \- org.apache.parquet:parquet-jackson:jar:1.10.1:compile
[INFO] +- org.apache.spark:spark-streaming_2.12:jar:3.1.1:provided
[INFO] +- org.apache.spark:spark-sql-kafka-0-10_2.12:jar:3.1.1:provided
[INFO] |  +- org.apache.spark:spark-token-provider-kafka-0-10_2.12:jar:3.1.1:provided
[INFO] |  \- org.apache.commons:commons-pool2:jar:2.6.2:provided
[INFO] +- org.apache.kafka:kafka-clients:jar:2.6.0:compile
[INFO] +- org.apache.kafka:kafka_2.12:jar:2.6.0:compile
[INFO] |  +- com.fasterxml.jackson.dataformat:jackson-dataformat-csv:jar:2.10.2:compile
[INFO] |  +- com.fasterxml.jackson.datatype:jackson-datatype-jdk8:jar:2.10.2:compile
[INFO] |  +- net.sf.jopt-simple:jopt-simple:jar:5.0.4:compile
[INFO] |  +- com.yammer.metrics:metrics-core:jar:2.2.0:compile
[INFO] |  +- org.scala-lang.modules:scala-collection-compat_2.12:jar:2.1.6:compile
[INFO] |  +- org.scala-lang.modules:scala-java8-compat_2.12:jar:0.9.1:compile
[INFO] |  +- com.typesafe.scala-logging:scala-logging_2.12:jar:3.9.2:compile
[INFO] |  \- commons-cli:commons-cli:jar:1.4:compile
[INFO] +- com.databricks:spark-avro_2.11:jar:4.0.0:compile
[INFO] +- net.alchim31.maven:scala-maven-plugin:jar:3.2.2:compile
[INFO] |  +- org.apache.maven.reporting:maven-reporting-api:jar:3.0:compile
[INFO] |  +- org.apache.maven:maven-core:jar:3.0.4:compile
[INFO] |  |  +- org.apache.maven:maven-settings:jar:3.0.4:compile
[INFO] |  |  +- org.apache.maven:maven-settings-builder:jar:3.0.4:compile
[INFO] |  |  +- org.apache.maven:maven-repository-metadata:jar:3.0.4:compile
[INFO] |  |  +- org.apache.maven:maven-plugin-api:jar:3.0.4:compile
[INFO] |  |  +- org.apache.maven:maven-model-builder:jar:3.0.4:compile
[INFO] |  |  +- org.apache.maven:maven-aether-provider:jar:3.0.4:compile
[INFO] |  |  |  \- org.sonatype.aether:aether-spi:jar:1.13.1:compile
[INFO] |  |  +- org.sonatype.aether:aether-impl:jar:1.13.1:compile
[INFO] |  |  +- org.sonatype.aether:aether-api:jar:1.13.1:compile
[INFO] |  |  +- org.sonatype.aether:aether-util:jar:1.13.1:compile
[INFO] |  |  +- org.sonatype.sisu:sisu-inject-plexus:jar:2.3.0:compile
[INFO] |  |  |  \- org.sonatype.sisu:sisu-inject-bean:jar:2.3.0:compile
[INFO] |  |  |     \- org.sonatype.sisu:sisu-guice:jar:no_aop:3.1.0:compile
[INFO] |  |  |        \- org.sonatype.sisu:sisu-guava:jar:0.9.9:compile
[INFO] |  |  +- org.codehaus.plexus:plexus-interpolation:jar:1.14:compile
[INFO] |  |  +- org.codehaus.plexus:plexus-component-annotations:jar:1.5.5:compile
[INFO] |  |  \- org.sonatype.plexus:plexus-sec-dispatcher:jar:1.3:compile
[INFO] |  |     \- org.sonatype.plexus:plexus-cipher:jar:1.4:compile
[INFO] |  +- org.apache.maven.shared:maven-dependency-tree:jar:1.2:compile
[INFO] |  +- org.apache.commons:commons-exec:jar:1.1:compile
[INFO] |  +- org.apache.maven:maven-artifact:jar:2.2.1:compile
[INFO] |  +- org.codehaus.plexus:plexus-utils:jar:3.0:compile
[INFO] |  +- org.codehaus.plexus:plexus-archiver:jar:2.1:compile
[INFO] |  |  +- org.codehaus.plexus:plexus-container-default:jar:1.0-alpha-9-stable-1:compile
[INFO] |  |  |  \- classworlds:classworlds:jar:1.1-alpha-2:compile
[INFO] |  |  \- org.codehaus.plexus:plexus-io:jar:2.0.2:compile
[INFO] |  +- org.codehaus.plexus:plexus-classworlds:jar:2.4:compile
[INFO] |  +- org.apache.maven:maven-project:jar:2.0.8:compile
[INFO] |  |  +- org.apache.maven:maven-profile:jar:2.0.8:compile
[INFO] |  |  +- org.apache.maven:maven-artifact-manager:jar:2.0.8:compile
[INFO] |  |  |  \- org.apache.maven.wagon:wagon-provider-api:jar:1.0-beta-2:compile
[INFO] |  |  \- org.apache.maven:maven-plugin-registry:jar:2.0.8:compile
[INFO] |  +- org.apache.maven:maven-archiver:jar:2.5:compile
[INFO] |  +- org.apache.maven.doxia:doxia-sink-api:jar:1.1.2:compile
[INFO] |  |  \- org.apache.maven.doxia:doxia-logging-api:jar:1.1.2:compile
[INFO] |  +- org.apache.maven:maven-model:jar:3.0.4:compile
[INFO] |  +- org.apache.maven.shared:maven-invoker:jar:2.0.11:compile
[INFO] |  \- com.typesafe.zinc:zinc:jar:0.3.5:compile
[INFO] |     +- com.typesafe.sbt:incremental-compiler:jar:0.13.5:compile
[INFO] |     |  +- org.scala-lang:scala-compiler:jar:2.10.3:compile
[INFO] |     |  \- com.typesafe.sbt:sbt-interface:jar:0.13.5:compile
[INFO] |     \- com.typesafe.sbt:compiler-interface:jar:sources:0.13.5:compile
[INFO] +- commons-beanutils:commons-beanutils:jar:1.9.2:compile
[INFO] |  +- commons-logging:commons-logging:jar:1.1.1:compile
[INFO] |  \- commons-collections:commons-collections:jar:3.2.1:compile
[INFO] +- org.apache.activemq:activemq-client:jar:5.12.0:compile
[INFO] |  +- org.apache.geronimo.specs:geronimo-jms_1.1_spec:jar:1.1.1:compile
[INFO] |  +- org.fusesource.hawtbuf:hawtbuf:jar:1.11:compile
[INFO] |  \- org.apache.geronimo.specs:geronimo-j2ee-management_1.1_spec:jar:1.0.1:compile
[INFO] +- junit:junit:jar:4.10:test
[INFO] +- log4j:log4j:jar:1.2.17:compile
[INFO] +- org.bgee.log4jdbc-log4j2:log4jdbc-log4j2-jdbc3:jar:1.16:compile
[INFO] +- org.postgresql:postgresql:jar:9.4-1202-jdbc41:compile
[INFO] +- org.drools:drools-core:jar:6.4.0.Final:compile
[INFO] |  +- org.kie:kie-api:jar:6.4.0.Final:compile
[INFO] |  +- org.kie:kie-internal:jar:6.4.0.Final:compile
[INFO] |  \- commons-codec:commons-codec:jar:1.4:compile
[INFO] +- org.drools:knowledge-api:jar:6.4.0.Final:compile
[INFO] |  +- org.drools:drools-compiler:jar:6.4.0.Final:compile
[INFO] |  |  +- org.antlr:antlr-runtime:jar:3.5:compile
[INFO] |  |  +- org.eclipse.jdt.core.compiler:ecj:jar:4.4.2:compile
[INFO] |  |  \- com.thoughtworks.xstream:xstream:jar:1.4.7:compile
[INFO] |  |     +- xmlpull:xmlpull:jar:1.1.3.1:compile
[INFO] |  |     \- xpp3:xpp3_min:jar:1.1.4c:compile
[INFO] |  \- org.drools:drools-reteoo:jar:6.4.0.Final:compile
[INFO] +- com.sun.xml.bind:jaxb-xjc:jar:2.2.11:compile
[INFO] +- org.mvel:mvel2:jar:2.2.8.Final:compile
[INFO] \- com.h2database:h2:jar:1.4.192:compile
[INFO] ------------------------------------------------------------------------
[INFO] BUILD SUCCESS
[INFO] ------------------------------------------------------------------------
[INFO] Total time:  2.077 s
[INFO] Finished at: 2021-04-08T09:37:58+03:00
[INFO] ------------------------------------------------------------------------
[WARNING] The requested profile "park2" could not be activated because it does not exist.
